[2016-06-01 16:01:54 INFO]: 000001. 用户登录(customerService.login)
[2016-06-01 16:01:54 INFO]: -------------------------------------------------
[2016-06-01 16:01:54 INFO]:   case:1 成功登录
[2016-06-01 16:01:54 INFO]:   --------------------------------------------
[2016-06-01 16:01:54 INFO]:     customerService.getVerificationCode:1
[2016-06-01 16:01:54 INFO]:      --------------------------------------------
[2016-06-01 16:01:55 INFO]:     customerService.isShowAgreement:1
[2016-06-01 16:01:55 INFO]:      --------------------------------------------
[2016-06-01 16:01:59 INFO]:     customerService.login:1
[2016-06-01 16:01:59 INFO]:      --------------------------------------------
[2016-06-01 16:02:05 INFO]:   [CaseResult]:Pass
[2016-06-01 16:02:05 INFO]:   case:2 inputtype登录类型为空
[2016-06-01 16:02:05 INFO]:   --------------------------------------------
[2016-06-01 16:02:05 INFO]:     customerService.getVerificationCode:1
[2016-06-01 16:02:05 INFO]:      --------------------------------------------
[2016-06-01 16:02:12 INFO]:     customerService.isShowAgreement:1
[2016-06-01 16:02:12 INFO]:      --------------------------------------------
[2016-06-01 16:02:14 INFO]:     customerService.login:2
[2016-06-01 16:02:14 INFO]:      --------------------------------------------
[2016-06-01 16:02:26 ERROR]:         [Failed]:status expect is 1,real is 0
[2016-06-01 16:02:26 ERROR]:         [Failed]:message expect is 请求成功,real is 请求超时，请重试
[2016-06-01 16:02:26 ERROR]:      [InterfaceResult]:Failed
[2016-06-01 16:02:26 INFO]:         input:{u'CommonRequest': {u'userId': u'123', u'dynamicMap': {u'imei': u'13858045366', u'trdpwd': u'1234abc', u'inputid': u'IGB009', u'inputtype': '', u'verifyCode': '8784'}, u'securitiesCode': u'06'}}
[2016-06-01 16:02:26 INFO]:         output:{"message": "请求成功", "data": "{\"status\":\"0\",\"message\":\"请求超时，请重试\",\"data\":{}}", "result": "true"}
[2016-06-01 16:02:26 ERROR]:   [CaseResult]:Failed
[2016-06-01 16:02:26 INFO]:   case:3 inputtype登录类型为非“C”的值
[2016-06-01 16:02:26 INFO]:   --------------------------------------------
[2016-06-01 16:02:26 INFO]:     customerService.getVerificationCode:1
[2016-06-01 16:02:26 INFO]:      --------------------------------------------
