[2016-04-22 13:20:15 INFO]: 000023.委托变更(tradeService.changeTrans)
[2016-04-22 13:20:15 INFO]: -------------------------------------------------
[2016-04-22 13:20:15 INFO]:   case:1 委托变更成功！
[2016-04-22 13:20:15 INFO]:   --------------------------------------------
[2016-04-22 13:20:15 INFO]:     customerService.getVerificationCode:1
[2016-04-22 13:20:15 INFO]:      --------------------------------------------
[2016-04-22 13:20:16 INFO]:     customerService.isShowAgreement:1
[2016-04-22 13:20:16 INFO]:      --------------------------------------------
[2016-04-22 13:20:16 INFO]:     customerService.login:1
[2016-04-22 13:20:16 INFO]:      --------------------------------------------
[2016-04-22 13:20:18 INFO]:     tradeService.confirmTrans:1
[2016-04-22 13:20:18 INFO]:      --------------------------------------------
[2016-04-22 13:20:19 INFO]:     queryService.queryOrders:1
[2016-04-22 13:20:19 INFO]:      --------------------------------------------
[2016-04-22 13:20:20 INFO]:     tradeService.changeTrans:1
[2016-04-22 13:20:20 INFO]:      --------------------------------------------
[2016-04-22 13:20:20 ERROR]:         [Failed]:status expect is 1,real is 0
[2016-04-22 13:20:20 ERROR]:         [Failed]:message expect is 请求成功,real is 订单已不在交易所排队！
[2016-04-22 13:20:20 ERROR]:         [Failed]:命令转换出错,eval(sdic['data']['msgok'])
[2016-04-22 13:20:20 ERROR]:         [Failed]:data.msgok expect is 委托变更成功！,real is 
[2016-04-22 13:20:20 ERROR]:      [InterfaceResult]:Failed
[2016-04-22 13:20:20 INFO]:         input:{u'CommonRequest': {u'userId': u'123', u'dynamicMap': {u'fundid': 'IGB009', u'sessionId': '358c2104-16e7-4a94-a673-802e3f492b27', u'price': '1.6', u'ordersno': '160422000009', u'qty': '4000'}, u'securitiesCode': u'06'}}
[2016-04-22 13:20:20 INFO]:         output:{"message": "请求成功", "data": "{\"status\":\"0\",\"message\":\"订单已不在交易所排队！\",\"data\":{}}", "result": "true"}
[2016-04-22 13:20:20 ERROR]:   [CaseResult]:Failed
[2016-04-22 13:20:20 INFO]:   case:2 fundid资金账户为空
[2016-04-22 13:20:20 INFO]:   --------------------------------------------
[2016-04-22 13:20:20 INFO]:     customerService.getVerificationCode:1
[2016-04-22 13:20:20 INFO]:      --------------------------------------------
[2016-04-22 13:20:21 INFO]:     customerService.isShowAgreement:1
[2016-04-22 13:20:21 INFO]:      --------------------------------------------
[2016-04-22 13:20:21 INFO]:     customerService.login:1
[2016-04-22 13:20:21 INFO]:      --------------------------------------------
[2016-04-22 13:20:23 INFO]:     queryService.queryOrders:1
[2016-04-22 13:20:23 INFO]:      --------------------------------------------
[2016-04-22 13:20:24 INFO]:     tradeService.changeTrans:2
[2016-04-22 13:20:24 INFO]:      --------------------------------------------
[2016-04-22 13:20:24 INFO]:   [CaseResult]:Pass
[2016-04-22 13:20:24 INFO]:   case:3 fundid资金账户不存在
[2016-04-22 13:20:24 INFO]:   --------------------------------------------
[2016-04-22 13:20:24 INFO]:     customerService.getVerificationCode:1
[2016-04-22 13:20:24 INFO]:      --------------------------------------------
[2016-04-22 13:20:25 INFO]:     customerService.isShowAgreement:1
[2016-04-22 13:20:25 INFO]:      --------------------------------------------
[2016-04-22 13:20:25 INFO]:     customerService.login:1
[2016-04-22 13:20:25 INFO]:      --------------------------------------------
[2016-04-22 13:20:27 INFO]:     queryService.queryOrders:1
[2016-04-22 13:20:27 INFO]:      --------------------------------------------
[2016-04-22 13:20:28 INFO]:     tradeService.changeTrans:3
[2016-04-22 13:20:28 INFO]:      --------------------------------------------
[2016-04-22 13:20:28 INFO]:   [CaseResult]:Pass
[2016-04-22 13:20:29 INFO]:   case:4 ordersno委托序号为空
[2016-04-22 13:20:29 INFO]:   --------------------------------------------
[2016-04-22 13:20:29 INFO]:     customerService.getVerificationCode:1
[2016-04-22 13:20:29 INFO]:      --------------------------------------------
[2016-04-22 13:20:29 INFO]:     customerService.isShowAgreement:1
[2016-04-22 13:20:29 INFO]:      --------------------------------------------
[2016-04-22 13:20:29 INFO]:     customerService.login:1
[2016-04-22 13:20:29 INFO]:      --------------------------------------------
[2016-04-22 13:20:31 INFO]:     queryService.queryOrders:1
[2016-04-22 13:20:31 INFO]:      --------------------------------------------
[2016-04-22 13:20:32 INFO]:     tradeService.changeTrans:4
[2016-04-22 13:20:32 INFO]:      --------------------------------------------
[2016-04-22 13:20:32 INFO]:   [CaseResult]:Pass
[2016-04-22 13:20:32 INFO]:   case:5 ordersno委托序号不存在
[2016-04-22 13:20:32 INFO]:   --------------------------------------------
[2016-04-22 13:20:32 INFO]:     customerService.getVerificationCode:1
[2016-04-22 13:20:32 INFO]:      --------------------------------------------
[2016-04-22 13:20:33 INFO]:     customerService.isShowAgreement:1
[2016-04-22 13:20:33 INFO]:      --------------------------------------------
[2016-04-22 13:20:33 INFO]:     customerService.login:1
[2016-04-22 13:20:33 INFO]:      --------------------------------------------
[2016-04-22 13:20:35 INFO]:     queryService.queryOrders:1
[2016-04-22 13:20:35 INFO]:      --------------------------------------------
[2016-04-22 13:20:35 INFO]:     tradeService.changeTrans:5
[2016-04-22 13:20:35 INFO]:      --------------------------------------------
[2016-04-22 13:20:46 INFO]:   [CaseResult]:Pass
[2016-04-22 13:20:46 INFO]:   case:6 ordersno委托序号为字符
[2016-04-22 13:20:46 INFO]:   --------------------------------------------
[2016-04-22 13:20:46 INFO]:     customerService.getVerificationCode:1
[2016-04-22 13:20:46 INFO]:      --------------------------------------------
[2016-04-22 13:20:47 INFO]:     customerService.isShowAgreement:1
[2016-04-22 13:20:47 INFO]:      --------------------------------------------
[2016-04-22 13:20:47 INFO]:     customerService.login:1
[2016-04-22 13:20:47 INFO]:      --------------------------------------------
[2016-04-22 13:20:49 INFO]:     queryService.queryOrders:1
[2016-04-22 13:20:49 INFO]:      --------------------------------------------
[2016-04-22 13:20:50 INFO]:     tradeService.changeTrans:6
[2016-04-22 13:20:50 INFO]:      --------------------------------------------
[2016-04-22 13:21:00 INFO]:   [CaseResult]:Pass
[2016-04-22 13:21:00 INFO]:   case:7 price价格为空
[2016-04-22 13:21:00 INFO]:   --------------------------------------------
[2016-04-22 13:21:00 INFO]:     customerService.getVerificationCode:1
[2016-04-22 13:21:00 INFO]:      --------------------------------------------
[2016-04-22 13:21:01 INFO]:     customerService.isShowAgreement:1
[2016-04-22 13:21:01 INFO]:      --------------------------------------------
[2016-04-22 13:21:01 INFO]:     customerService.login:1
[2016-04-22 13:21:01 INFO]:      --------------------------------------------
[2016-04-22 13:21:03 INFO]:     queryService.queryOrders:1
[2016-04-22 13:21:03 INFO]:      --------------------------------------------
[2016-04-22 13:21:04 INFO]:     tradeService.changeTrans:7
[2016-04-22 13:21:04 INFO]:      --------------------------------------------
[2016-04-22 13:21:04 INFO]:   [CaseResult]:Pass
[2016-04-22 13:21:04 INFO]:   case:8 price价格为0
[2016-04-22 13:21:04 INFO]:   --------------------------------------------
[2016-04-22 13:21:04 INFO]:     customerService.getVerificationCode:1
[2016-04-22 13:21:04 INFO]:      --------------------------------------------
[2016-04-22 13:21:05 INFO]:     customerService.isShowAgreement:1
[2016-04-22 13:21:05 INFO]:      --------------------------------------------
[2016-04-22 13:21:05 INFO]:     customerService.login:1
[2016-04-22 13:21:05 INFO]:      --------------------------------------------
[2016-04-22 13:21:07 INFO]:     queryService.queryOrders:1
[2016-04-22 13:21:07 INFO]:      --------------------------------------------
[2016-04-22 13:21:08 INFO]:     tradeService.changeTrans:8
[2016-04-22 13:21:08 INFO]:      --------------------------------------------
[2016-04-22 13:21:08 INFO]:   [CaseResult]:Pass
[2016-04-22 13:21:09 INFO]:   case:9 price价格为非数字
[2016-04-22 13:21:09 INFO]:   --------------------------------------------
[2016-04-22 13:21:09 INFO]:     customerService.getVerificationCode:1
[2016-04-22 13:21:09 INFO]:      --------------------------------------------
[2016-04-22 13:21:09 INFO]:     customerService.isShowAgreement:1
[2016-04-22 13:21:09 INFO]:      --------------------------------------------
[2016-04-22 13:21:10 INFO]:     customerService.login:1
[2016-04-22 13:21:10 INFO]:      --------------------------------------------
[2016-04-22 13:21:11 INFO]:     queryService.queryOrders:1
[2016-04-22 13:21:11 INFO]:      --------------------------------------------
[2016-04-22 13:21:12 INFO]:     tradeService.changeTrans:9
[2016-04-22 13:21:12 INFO]:      --------------------------------------------
[2016-04-22 13:21:13 INFO]:   [CaseResult]:Pass
[2016-04-22 13:21:13 INFO]:   case:10 price价格为负数
[2016-04-22 13:21:13 INFO]:   --------------------------------------------
[2016-04-22 13:21:13 INFO]:     customerService.getVerificationCode:1
[2016-04-22 13:21:13 INFO]:      --------------------------------------------
[2016-04-22 13:21:13 INFO]:     customerService.isShowAgreement:1
[2016-04-22 13:21:13 INFO]:      --------------------------------------------
[2016-04-22 13:21:14 INFO]:     customerService.login:1
[2016-04-22 13:21:14 INFO]:      --------------------------------------------
[2016-04-22 13:21:15 INFO]:     queryService.queryOrders:1
[2016-04-22 13:21:15 INFO]:      --------------------------------------------
[2016-04-22 13:21:16 INFO]:     tradeService.changeTrans:10
[2016-04-22 13:21:16 INFO]:      --------------------------------------------
[2016-04-22 13:21:17 INFO]:   [CaseResult]:Pass
[2016-04-22 13:21:17 INFO]:   case:11 qty数量为空
[2016-04-22 13:21:17 INFO]:   --------------------------------------------
[2016-04-22 13:21:17 INFO]:     customerService.getVerificationCode:1
[2016-04-22 13:21:17 INFO]:      --------------------------------------------
[2016-04-22 13:21:17 INFO]:     customerService.isShowAgreement:1
[2016-04-22 13:21:17 INFO]:      --------------------------------------------
[2016-04-22 13:21:18 INFO]:     customerService.login:1
[2016-04-22 13:21:18 INFO]:      --------------------------------------------
[2016-04-22 13:21:20 INFO]:     queryService.queryOrders:1
[2016-04-22 13:21:20 INFO]:      --------------------------------------------
[2016-04-22 13:21:20 INFO]:     tradeService.changeTrans:11
[2016-04-22 13:21:20 INFO]:      --------------------------------------------
[2016-04-22 13:21:21 INFO]:   [CaseResult]:Pass
[2016-04-22 13:21:21 INFO]:   case:12 qty数量为0
[2016-04-22 13:21:21 INFO]:   --------------------------------------------
[2016-04-22 13:21:21 INFO]:     customerService.getVerificationCode:1
[2016-04-22 13:21:21 INFO]:      --------------------------------------------
[2016-04-22 13:21:21 INFO]:     customerService.isShowAgreement:1
[2016-04-22 13:21:21 INFO]:      --------------------------------------------
[2016-04-22 13:21:22 INFO]:     customerService.login:1
[2016-04-22 13:21:22 INFO]:      --------------------------------------------
[2016-04-22 13:21:24 INFO]:     queryService.queryOrders:1
[2016-04-22 13:21:24 INFO]:      --------------------------------------------
[2016-04-22 13:21:24 INFO]:     tradeService.changeTrans:12
[2016-04-22 13:21:24 INFO]:      --------------------------------------------
[2016-04-22 13:21:25 INFO]:   [CaseResult]:Pass
[2016-04-22 13:21:25 INFO]:   case:13 qty数量为非数字
[2016-04-22 13:21:25 INFO]:   --------------------------------------------
[2016-04-22 13:21:25 INFO]:     customerService.getVerificationCode:1
[2016-04-22 13:21:25 INFO]:      --------------------------------------------
[2016-04-22 13:21:26 INFO]:     customerService.isShowAgreement:1
[2016-04-22 13:21:26 INFO]:      --------------------------------------------
[2016-04-22 13:21:26 INFO]:     customerService.login:1
[2016-04-22 13:21:26 INFO]:      --------------------------------------------
[2016-04-22 13:21:28 INFO]:     queryService.queryOrders:1
[2016-04-22 13:21:28 INFO]:      --------------------------------------------
[2016-04-22 13:21:29 INFO]:     tradeService.changeTrans:13
[2016-04-22 13:21:29 INFO]:      --------------------------------------------
[2016-04-22 13:21:29 INFO]:   [CaseResult]:Pass
[2016-04-22 13:21:29 INFO]:   case:14 qty数量为负数
[2016-04-22 13:21:29 INFO]:   --------------------------------------------
[2016-04-22 13:21:29 INFO]:     customerService.getVerificationCode:1
[2016-04-22 13:21:29 INFO]:      --------------------------------------------
[2016-04-22 13:21:30 INFO]:     customerService.isShowAgreement:1
[2016-04-22 13:21:30 INFO]:      --------------------------------------------
[2016-04-22 13:21:30 INFO]:     customerService.login:1
[2016-04-22 13:21:30 INFO]:      --------------------------------------------
[2016-04-22 13:21:32 INFO]:     queryService.queryOrders:1
[2016-04-22 13:21:32 INFO]:      --------------------------------------------
[2016-04-22 13:21:33 INFO]:     tradeService.changeTrans:14
[2016-04-22 13:21:33 INFO]:      --------------------------------------------
[2016-04-22 13:21:33 ERROR]:         [Failed]:message expect is 交易数量设置错误！,real is 交易数量设置错误！数量必须为非零正整数
[2016-04-22 13:21:33 ERROR]:      [InterfaceResult]:Failed
[2016-04-22 13:21:33 INFO]:         input:{u'CommonRequest': {u'userId': u'123', u'dynamicMap': {u'fundid': 'IGB009', u'sessionId': 'e6083591-d9d2-4da1-9c02-94f915911be2', u'price': u'1.48', u'ordersno': '160422000009', u'qty': '-100'}, u'securitiesCode': u'06'}}
[2016-04-22 13:21:33 INFO]:         output:{"message": "请求成功", "data": "{\"status\":\"0\",\"message\":\"交易数量设置错误！数量必须为非零正整数\",\"data\":{}}", "result": "true"}
[2016-04-22 13:21:33 ERROR]:   [CaseResult]:Failed
[2016-04-22 13:21:33 INFO]: *************************************************************************************************************************
[2016-04-22 13:21:33 INFO]: *****TestCase Total:14,Succ:12,Failed:2
[2016-04-22 13:21:33 INFO]: 000023.委托变更(tradeService.changeTrans) 共运行14个TestCase,成功12个,失败2个   

