[2016-04-22 10:06:03 INFO]: 000023.委托变更(tradeService.changeTrans)
[2016-04-22 10:06:03 INFO]: -------------------------------------------------
[2016-04-22 10:06:03 INFO]:   case:1 委托变更成功！
[2016-04-22 10:06:03 INFO]:   --------------------------------------------
[2016-04-22 10:06:03 INFO]:     customerService.getVerificationCode:1
[2016-04-22 10:06:03 INFO]:      --------------------------------------------
[2016-04-22 10:06:04 INFO]:     customerService.isShowAgreement:1
[2016-04-22 10:06:04 INFO]:      --------------------------------------------
[2016-04-22 10:06:05 INFO]:     customerService.login:1
[2016-04-22 10:06:05 INFO]:      --------------------------------------------
[2016-04-22 10:06:08 INFO]:     tradeService.confirmTrans:1
[2016-04-22 10:06:08 INFO]:      --------------------------------------------
[2016-04-22 10:06:10 INFO]:     queryService.queryOrders:1
[2016-04-22 10:06:10 INFO]:      --------------------------------------------
[2016-04-22 10:06:10 INFO]:     tradeService.changeTrans:1
[2016-04-22 10:06:10 INFO]:      --------------------------------------------
[2016-04-22 10:06:11 INFO]:   [CaseResult]:Pass
[2016-04-22 10:06:12 INFO]:   case:2 fundid资金账户为空
[2016-04-22 10:06:12 INFO]:   --------------------------------------------
[2016-04-22 10:06:12 INFO]:     customerService.getVerificationCode:1
[2016-04-22 10:06:12 INFO]:      --------------------------------------------
[2016-04-22 10:06:12 INFO]:     customerService.isShowAgreement:1
[2016-04-22 10:06:12 INFO]:      --------------------------------------------
[2016-04-22 10:06:13 INFO]:     customerService.login:1
[2016-04-22 10:06:13 INFO]:      --------------------------------------------
[2016-04-22 10:06:14 INFO]:     queryService.queryOrders:1
[2016-04-22 10:06:14 INFO]:      --------------------------------------------
[2016-04-22 10:06:15 INFO]:     tradeService.changeTrans:2
[2016-04-22 10:06:15 INFO]:      --------------------------------------------
[2016-04-22 10:06:16 INFO]:   [CaseResult]:Pass
[2016-04-22 10:06:16 INFO]:   case:3 fundid资金账户不存在
[2016-04-22 10:06:16 INFO]:   --------------------------------------------
[2016-04-22 10:06:16 INFO]:     customerService.getVerificationCode:1
[2016-04-22 10:06:16 INFO]:      --------------------------------------------
[2016-04-22 10:06:17 INFO]:     customerService.isShowAgreement:1
[2016-04-22 10:06:17 INFO]:      --------------------------------------------
[2016-04-22 10:06:17 INFO]:     customerService.login:1
[2016-04-22 10:06:17 INFO]:      --------------------------------------------
[2016-04-22 10:06:19 INFO]:     queryService.queryOrders:1
[2016-04-22 10:06:19 INFO]:      --------------------------------------------
[2016-04-22 10:06:20 INFO]:     tradeService.changeTrans:3
[2016-04-22 10:06:20 INFO]:      --------------------------------------------
[2016-04-22 10:06:21 INFO]:   [CaseResult]:Pass
[2016-04-22 10:06:21 INFO]:   case:4 ordersno委托序号为空
[2016-04-22 10:06:21 INFO]:   --------------------------------------------
[2016-04-22 10:06:21 INFO]:     customerService.getVerificationCode:1
[2016-04-22 10:06:21 INFO]:      --------------------------------------------
[2016-04-22 10:06:22 INFO]:     customerService.isShowAgreement:1
[2016-04-22 10:06:22 INFO]:      --------------------------------------------
[2016-04-22 10:06:22 INFO]:     customerService.login:1
[2016-04-22 10:06:22 INFO]:      --------------------------------------------
[2016-04-22 10:06:24 INFO]:     queryService.queryOrders:1
[2016-04-22 10:06:24 INFO]:      --------------------------------------------
[2016-04-22 10:06:25 INFO]:     tradeService.changeTrans:4
[2016-04-22 10:06:25 INFO]:      --------------------------------------------
[2016-04-22 10:06:26 INFO]:   [CaseResult]:Pass
[2016-04-22 10:06:26 INFO]:   case:5 ordersno委托序号不存在
[2016-04-22 10:06:26 INFO]:   --------------------------------------------
[2016-04-22 10:06:26 INFO]:     customerService.getVerificationCode:1
[2016-04-22 10:06:26 INFO]:      --------------------------------------------
[2016-04-22 10:06:26 INFO]:     customerService.isShowAgreement:1
[2016-04-22 10:06:26 INFO]:      --------------------------------------------
[2016-04-22 10:06:27 INFO]:     customerService.login:1
[2016-04-22 10:06:27 INFO]:      --------------------------------------------
[2016-04-22 10:06:29 INFO]:     queryService.queryOrders:1
[2016-04-22 10:06:29 INFO]:      --------------------------------------------
[2016-04-22 10:06:30 INFO]:     tradeService.changeTrans:5
[2016-04-22 10:06:30 INFO]:      --------------------------------------------
[2016-04-22 10:06:41 INFO]:   [CaseResult]:Pass
[2016-04-22 10:06:41 INFO]:   case:6 ordersno委托序号为字符
[2016-04-22 10:06:41 INFO]:   --------------------------------------------
[2016-04-22 10:06:41 INFO]:     customerService.getVerificationCode:1
[2016-04-22 10:06:41 INFO]:      --------------------------------------------
[2016-04-22 10:06:41 INFO]:     customerService.isShowAgreement:1
[2016-04-22 10:06:41 INFO]:      --------------------------------------------
[2016-04-22 10:06:42 INFO]:     customerService.login:1
[2016-04-22 10:06:42 INFO]:      --------------------------------------------
[2016-04-22 10:06:44 INFO]:     queryService.queryOrders:1
[2016-04-22 10:06:44 INFO]:      --------------------------------------------
[2016-04-22 10:06:45 INFO]:     tradeService.changeTrans:6
[2016-04-22 10:06:45 INFO]:      --------------------------------------------
[2016-04-22 10:06:55 INFO]:   [CaseResult]:Pass
[2016-04-22 10:06:56 INFO]:   case:7 price价格为空
[2016-04-22 10:06:56 INFO]:   --------------------------------------------
[2016-04-22 10:06:56 INFO]:     customerService.getVerificationCode:1
[2016-04-22 10:06:56 INFO]:      --------------------------------------------
[2016-04-22 10:06:56 INFO]:     customerService.isShowAgreement:1
[2016-04-22 10:06:56 INFO]:      --------------------------------------------
[2016-04-22 10:06:57 INFO]:     customerService.login:1
[2016-04-22 10:06:57 INFO]:      --------------------------------------------
[2016-04-22 10:06:59 INFO]:     queryService.queryOrders:1
[2016-04-22 10:06:59 INFO]:      --------------------------------------------
[2016-04-22 10:07:00 INFO]:     tradeService.changeTrans:7
[2016-04-22 10:07:00 INFO]:      --------------------------------------------
[2016-04-22 10:07:00 INFO]:   [CaseResult]:Pass
[2016-04-22 10:07:00 INFO]:   case:8 price价格为0
[2016-04-22 10:07:00 INFO]:   --------------------------------------------
[2016-04-22 10:07:00 INFO]:     customerService.getVerificationCode:1
[2016-04-22 10:07:00 INFO]:      --------------------------------------------
[2016-04-22 10:07:01 INFO]:     customerService.isShowAgreement:1
[2016-04-22 10:07:01 INFO]:      --------------------------------------------
[2016-04-22 10:07:02 INFO]:     customerService.login:1
[2016-04-22 10:07:02 INFO]:      --------------------------------------------
[2016-04-22 10:07:03 INFO]:     queryService.queryOrders:1
[2016-04-22 10:07:03 INFO]:      --------------------------------------------
[2016-04-22 10:07:04 INFO]:     tradeService.changeTrans:8
[2016-04-22 10:07:04 INFO]:      --------------------------------------------
[2016-04-22 10:07:05 INFO]:   [CaseResult]:Pass
[2016-04-22 10:07:05 INFO]:   case:9 price价格为非数字
[2016-04-22 10:07:05 INFO]:   --------------------------------------------
[2016-04-22 10:07:05 INFO]:     customerService.getVerificationCode:1
[2016-04-22 10:07:05 INFO]:      --------------------------------------------
[2016-04-22 10:07:06 INFO]:     customerService.isShowAgreement:1
[2016-04-22 10:07:06 INFO]:      --------------------------------------------
[2016-04-22 10:07:06 INFO]:     customerService.login:1
[2016-04-22 10:07:06 INFO]:      --------------------------------------------
[2016-04-22 10:07:09 INFO]:     queryService.queryOrders:1
[2016-04-22 10:07:09 INFO]:      --------------------------------------------
[2016-04-22 10:07:10 INFO]:     tradeService.changeTrans:9
[2016-04-22 10:07:10 INFO]:      --------------------------------------------
[2016-04-22 10:07:10 INFO]:   [CaseResult]:Pass
[2016-04-22 10:07:11 INFO]:   case:10 price价格为负数
[2016-04-22 10:07:11 INFO]:   --------------------------------------------
[2016-04-22 10:07:11 INFO]:     customerService.getVerificationCode:1
[2016-04-22 10:07:11 INFO]:      --------------------------------------------
[2016-04-22 10:07:11 INFO]:     customerService.isShowAgreement:1
[2016-04-22 10:07:11 INFO]:      --------------------------------------------
[2016-04-22 10:07:12 INFO]:     customerService.login:1
[2016-04-22 10:07:12 INFO]:      --------------------------------------------
[2016-04-22 10:07:14 INFO]:     queryService.queryOrders:1
[2016-04-22 10:07:14 INFO]:      --------------------------------------------
[2016-04-22 10:07:15 INFO]:     tradeService.changeTrans:10
[2016-04-22 10:07:15 INFO]:      --------------------------------------------
[2016-04-22 10:07:16 INFO]:   [CaseResult]:Pass
[2016-04-22 10:07:16 INFO]:   case:11 qty数量为空
[2016-04-22 10:07:16 INFO]:   --------------------------------------------
[2016-04-22 10:07:16 INFO]:     customerService.getVerificationCode:1
[2016-04-22 10:07:16 INFO]:      --------------------------------------------
[2016-04-22 10:07:16 INFO]:     customerService.isShowAgreement:1
[2016-04-22 10:07:16 INFO]:      --------------------------------------------
[2016-04-22 10:07:17 INFO]:     customerService.login:1
[2016-04-22 10:07:17 INFO]:      --------------------------------------------
[2016-04-22 10:07:19 INFO]:     queryService.queryOrders:1
[2016-04-22 10:07:19 INFO]:      --------------------------------------------
[2016-04-22 10:07:20 INFO]:     tradeService.changeTrans:11
[2016-04-22 10:07:20 INFO]:      --------------------------------------------
[2016-04-22 10:07:20 INFO]:   [CaseResult]:Pass
[2016-04-22 10:07:20 INFO]:   case:12 qty数量为0
[2016-04-22 10:07:20 INFO]:   --------------------------------------------
[2016-04-22 10:07:20 INFO]:     customerService.getVerificationCode:1
[2016-04-22 10:07:20 INFO]:      --------------------------------------------
[2016-04-22 10:07:21 INFO]:     customerService.isShowAgreement:1
[2016-04-22 10:07:21 INFO]:      --------------------------------------------
[2016-04-22 10:07:22 INFO]:     customerService.login:1
[2016-04-22 10:07:22 INFO]:      --------------------------------------------
[2016-04-22 10:07:24 INFO]:     queryService.queryOrders:1
[2016-04-22 10:07:24 INFO]:      --------------------------------------------
[2016-04-22 10:07:25 INFO]:     tradeService.changeTrans:12
[2016-04-22 10:07:25 INFO]:      --------------------------------------------
[2016-04-22 10:07:25 INFO]:   [CaseResult]:Pass
[2016-04-22 10:07:25 INFO]:   case:13 qty数量为非数字
[2016-04-22 10:07:25 INFO]:   --------------------------------------------
[2016-04-22 10:07:25 INFO]:     customerService.getVerificationCode:1
[2016-04-22 10:07:25 INFO]:      --------------------------------------------
[2016-04-22 10:07:26 INFO]:     customerService.isShowAgreement:1
[2016-04-22 10:07:26 INFO]:      --------------------------------------------
[2016-04-22 10:07:27 INFO]:     customerService.login:1
[2016-04-22 10:07:27 INFO]:      --------------------------------------------
[2016-04-22 10:07:28 INFO]:     queryService.queryOrders:1
[2016-04-22 10:07:28 INFO]:      --------------------------------------------
[2016-04-22 10:07:29 INFO]:     tradeService.changeTrans:13
[2016-04-22 10:07:29 INFO]:      --------------------------------------------
[2016-04-22 10:07:30 INFO]:   [CaseResult]:Pass
[2016-04-22 10:07:30 INFO]:   case:14 qty数量为负数
[2016-04-22 10:07:30 INFO]:   --------------------------------------------
[2016-04-22 10:07:30 INFO]:     customerService.getVerificationCode:1
[2016-04-22 10:07:30 INFO]:      --------------------------------------------
[2016-04-22 10:07:31 INFO]:     customerService.isShowAgreement:1
[2016-04-22 10:07:31 INFO]:      --------------------------------------------
[2016-04-22 10:07:31 INFO]:     customerService.login:1
[2016-04-22 10:07:31 INFO]:      --------------------------------------------
[2016-04-22 10:07:34 INFO]:     queryService.queryOrders:1
[2016-04-22 10:07:34 INFO]:      --------------------------------------------
[2016-04-22 10:07:35 INFO]:     tradeService.changeTrans:14
[2016-04-22 10:07:35 INFO]:      --------------------------------------------
[2016-04-22 10:07:35 INFO]:   [CaseResult]:Pass
[2016-04-22 10:07:35 INFO]: *************************************************************************************************************************
[2016-04-22 10:07:35 INFO]: *****TestCase Total:14,Succ:14,Failed:0
[2016-04-22 10:07:35 INFO]: 000023.委托变更(tradeService.changeTrans) 共运行14个TestCase,成功14个,失败0个   

