[2016-04-21 15:32:57 INFO]: 000020.入金(bankStockService.transferBankToSecurity)
[2016-04-21 15:32:57 INFO]: -------------------------------------------------
[2016-04-21 15:32:57 INFO]:   case:1 银行转证券(入金）成功-人民币
[2016-04-21 15:32:57 INFO]:   --------------------------------------------
[2016-04-21 15:32:57 INFO]:     customerService.getVerificationCode:1
[2016-04-21 15:32:57 INFO]:      --------------------------------------------
[2016-04-21 15:32:58 INFO]:     customerService.isShowAgreement:1
[2016-04-21 15:32:58 INFO]:      --------------------------------------------
[2016-04-21 15:32:59 INFO]:     customerService.login:1
[2016-04-21 15:32:59 INFO]:      --------------------------------------------
[2016-04-21 15:33:09 ERROR]:         [Failed]:status expect is 1,real is 0
[2016-04-21 15:33:09 ERROR]:         [Failed]:message expect is 请求成功,real is 请求超时，请重试
[2016-04-21 15:33:09 ERROR]:         [Failed]:命令转换出错,eval(sdic['data'][0]['fundid'])
[2016-04-21 15:33:09 ERROR]:         [Failed]:data.0.fundid expect is IGB009,real is 
[2016-04-21 15:33:09 ERROR]:         [Failed]:命令转换出错,eval(sdic['data'][0]['secuid'])
[2016-04-21 15:33:09 ERROR]:         [Failed]:data.0.secuid expect is IGB009,real is 
[2016-04-21 15:33:09 ERROR]:         [Failed]:命令转换出错,eval(sdic['data'][0]['custid'])
[2016-04-21 15:33:09 ERROR]:         [Failed]:data.0.custid expect is IGB009,real is 
[2016-04-21 15:33:09 ERROR]:         [Failed]:命令转换出错,eval(sdic['data'][0]['market'])
[2016-04-21 15:33:09 ERROR]:         [Failed]:data.0.market expect is 4,real is 
[2016-04-21 15:33:09 ERROR]:      [InterfaceResult]:Failed
[2016-04-21 15:33:09 INFO]:         input:{u'CommonRequest': {u'userId': u'123', u'dynamicMap': {u'imei': u'13858045366', u'trdpwd': u'1234abc', u'inputid': u'IGB009', u'inputtype': u'C', u'verifyCode': '2473'}, u'securitiesCode': u'06'}}
[2016-04-21 15:33:09 INFO]:         output:{"message": "请求成功", "data": "{\"status\":\"0\",\"message\":\"请求超时，请重试\",\"data\":{}}", "result": "true"}
[2016-04-21 15:33:09 ERROR]:   [CaseResult]:Failed
[2016-04-21 15:33:10 INFO]: *************************************************************************************************************************
[2016-04-21 15:33:10 INFO]: *****TestCase Total:1,Succ:0,Failed:1
[2016-04-21 15:33:10 INFO]: 000020.入金(bankStockService.transferBankToSecurity) 共运行1个TestCase,成功0个,失败1个   

