[2016-05-09 13:03:56 INFO]: 000001. 用户登录(customerService.login)
[2016-05-09 13:03:56 INFO]: -------------------------------------------------
[2016-05-09 13:03:57 INFO]:   case:1 成功登录
[2016-05-09 13:03:57 INFO]:   --------------------------------------------
[2016-05-09 13:03:57 INFO]:     customerService.getVerificationCode:1
[2016-05-09 13:03:57 INFO]:      --------------------------------------------
[2016-05-09 13:03:57 INFO]:     customerService.isShowAgreement:1
[2016-05-09 13:03:57 INFO]:      --------------------------------------------
[2016-05-09 13:03:58 INFO]:     customerService.login:1
[2016-05-09 13:03:58 INFO]:      --------------------------------------------
[2016-05-09 13:03:59 ERROR]:         [Failed]:status expect is 1,real is 0
[2016-05-09 13:03:59 ERROR]:         [Failed]:message expect is 请求成功,real is 账户被停用或关闭，请联系金贝塔证券（香港）解决！
[2016-05-09 13:03:59 ERROR]:         [Failed]:命令转换出错,eval(sdic['data'][0]['fundid'])
[2016-05-09 13:03:59 ERROR]:         [Failed]:data.0.fundid expect is IGB008,real is 
[2016-05-09 13:03:59 ERROR]:         [Failed]:命令转换出错,eval(sdic['data'][0]['secuid'])
[2016-05-09 13:03:59 ERROR]:         [Failed]:data.0.secuid expect is IGB008,real is 
[2016-05-09 13:03:59 ERROR]:         [Failed]:命令转换出错,eval(sdic['data'][0]['custid'])
[2016-05-09 13:03:59 ERROR]:         [Failed]:data.0.custid expect is IGB008,real is 
[2016-05-09 13:03:59 ERROR]:         [Failed]:命令转换出错,eval(sdic['data'][0]['market'])
[2016-05-09 13:03:59 ERROR]:         [Failed]:data.0.market expect is 4,real is 
[2016-05-09 13:03:59 ERROR]:      [InterfaceResult]:Failed
[2016-05-09 13:03:59 INFO]:         input:{u'CommonRequest': {u'userId': u'990', u'dynamicMap': {u'imei': u'13858045365', u'trdpwd': u'1234abc', u'inputid': u'IGB008', u'inputtype': u'C', u'verifyCode': '4006'}, u'securitiesCode': u'06'}}
[2016-05-09 13:03:59 INFO]:         output:{"message": "请求成功", "data": "{\"status\":\"0\",\"message\":\"账户被停用或关闭，请联系金贝塔证券（香港）解决！\",\"data\":{}}", "result": "true"}
[2016-05-09 13:03:59 ERROR]:   [CaseResult]:Failed
[2016-05-09 13:03:59 INFO]:   case:2 inputtype登录类型为空
[2016-05-09 13:03:59 INFO]:   --------------------------------------------
[2016-05-09 13:03:59 INFO]:     customerService.getVerificationCode:1
[2016-05-09 13:03:59 INFO]:      --------------------------------------------
[2016-05-09 13:03:59 INFO]:     customerService.isShowAgreement:1
[2016-05-09 13:03:59 INFO]:      --------------------------------------------
[2016-05-09 13:04:00 INFO]:     customerService.login:2
[2016-05-09 13:04:00 INFO]:      --------------------------------------------
[2016-05-09 13:04:01 ERROR]:         [Failed]:status expect is 1,real is 0
[2016-05-09 13:04:01 ERROR]:         [Failed]:message expect is 请求成功,real is 账户被停用或关闭，请联系金贝塔证券（香港）解决！
[2016-05-09 13:04:01 ERROR]:      [InterfaceResult]:Failed
[2016-05-09 13:04:01 INFO]:         input:{u'CommonRequest': {u'userId': u'990', u'dynamicMap': {u'imei': u'13858045365', u'trdpwd': u'1234abc', u'inputid': u'IGB008', u'inputtype': '', u'verifyCode': '1669'}, u'securitiesCode': u'06'}}
[2016-05-09 13:04:01 INFO]:         output:{"message": "请求成功", "data": "{\"status\":\"0\",\"message\":\"账户被停用或关闭，请联系金贝塔证券（香港）解决！\",\"data\":{}}", "result": "true"}
[2016-05-09 13:04:01 ERROR]:   [CaseResult]:Failed
[2016-05-09 13:04:01 INFO]:   case:3 inputtype登录类型为非“C”的值
[2016-05-09 13:04:01 INFO]:   --------------------------------------------
[2016-05-09 13:04:01 INFO]:     customerService.getVerificationCode:1
[2016-05-09 13:04:01 INFO]:      --------------------------------------------
[2016-05-09 13:04:01 INFO]:     customerService.isShowAgreement:1
[2016-05-09 13:04:01 INFO]:      --------------------------------------------
[2016-05-09 13:04:02 INFO]:     customerService.login:3
[2016-05-09 13:04:02 INFO]:      --------------------------------------------
[2016-05-09 13:04:03 ERROR]:         [Failed]:status expect is 1,real is 0
[2016-05-09 13:04:03 ERROR]:         [Failed]:message expect is 请求成功,real is 账户被停用或关闭，请联系金贝塔证券（香港）解决！
[2016-05-09 13:04:03 ERROR]:      [InterfaceResult]:Failed
[2016-05-09 13:04:03 INFO]:         input:{u'CommonRequest': {u'userId': u'990', u'dynamicMap': {u'imei': u'13858045365', u'trdpwd': u'1234abc', u'inputid': u'IGB008', u'inputtype': 'G', u'verifyCode': '5501'}, u'securitiesCode': u'06'}}
[2016-05-09 13:04:03 INFO]:         output:{"message": "请求成功", "data": "{\"status\":\"0\",\"message\":\"账户被停用或关闭，请联系金贝塔证券（香港）解决！\",\"data\":{}}", "result": "true"}
[2016-05-09 13:04:03 ERROR]:   [CaseResult]:Failed
[2016-05-09 13:04:03 INFO]:   case:4 inputid登录标识不存在
[2016-05-09 13:04:03 INFO]:   --------------------------------------------
[2016-05-09 13:04:03 INFO]:     customerService.getVerificationCode:1
[2016-05-09 13:04:03 INFO]:      --------------------------------------------
[2016-05-09 13:04:03 INFO]:     customerService.isShowAgreement:1
[2016-05-09 13:04:03 INFO]:      --------------------------------------------
