[2016-04-22 13:16:05 INFO]: 000023.委托变更(tradeService.changeTrans)
[2016-04-22 13:16:05 INFO]: -------------------------------------------------
[2016-04-22 13:16:05 INFO]:   case:1 委托变更成功！
[2016-04-22 13:16:05 INFO]:   --------------------------------------------
[2016-04-22 13:16:05 INFO]:     customerService.getVerificationCode:1
[2016-04-22 13:16:05 INFO]:      --------------------------------------------
[2016-04-22 13:16:06 INFO]:     customerService.isShowAgreement:1
[2016-04-22 13:16:06 INFO]:      --------------------------------------------
[2016-04-22 13:16:06 INFO]:     customerService.login:1
[2016-04-22 13:16:06 INFO]:      --------------------------------------------
[2016-04-22 13:16:18 INFO]:     tradeService.confirmTrans:1
[2016-04-22 13:16:18 INFO]:      --------------------------------------------
[2016-04-22 13:16:19 ERROR]:         [Failed]:status expect is 1,real is 0
[2016-04-22 13:16:19 ERROR]:         [Failed]:message expect is 请求成功,real is 帐号信息获取失败，请重新登录！
[2016-04-22 13:16:19 ERROR]:      [InterfaceResult]:Failed
[2016-04-22 13:16:19 INFO]:         input:{u'CommonRequest': {u'userId': u'123', u'dynamicMap': {u'fundid': 'IGB009', u'secuid': 'IGB009', u'price': 1.52, u'qty': 2000, u'sessionId': 'ba30e7e6-f783-43f0-a384-e244054c1744', u'ordergroup': u'0', u'stkcode': '03330', u'bsflag': '0B', u'market': 4}, u'securitiesCode': u'06'}}
[2016-04-22 13:16:19 INFO]:         output:{"message": "请求成功", "data": "{\"status\":\"0\",\"message\":\"帐号信息获取失败，请重新登录！\",\"data\":{}}", "result": "true"}
[2016-04-22 13:16:19 ERROR]:   [CaseResult]:Failed
[2016-04-22 13:16:19 INFO]:   case:2 fundid资金账户为空
[2016-04-22 13:16:19 INFO]:   --------------------------------------------
[2016-04-22 13:16:19 INFO]:     customerService.getVerificationCode:1
[2016-04-22 13:16:19 INFO]:      --------------------------------------------
[2016-04-22 13:16:20 INFO]:     customerService.isShowAgreement:1
[2016-04-22 13:16:20 INFO]:      --------------------------------------------
[2016-04-22 13:16:20 INFO]:     customerService.login:1
[2016-04-22 13:16:20 INFO]:      --------------------------------------------
[2016-04-22 13:16:22 INFO]:     queryService.queryOrders:1
[2016-04-22 13:16:22 INFO]:      --------------------------------------------
[2016-04-22 13:16:23 INFO]:     tradeService.changeTrans:2
[2016-04-22 13:16:23 INFO]:      --------------------------------------------
[2016-04-22 13:16:24 INFO]:   [CaseResult]:Pass
[2016-04-22 13:16:24 INFO]:   case:3 fundid资金账户不存在
[2016-04-22 13:16:24 INFO]:   --------------------------------------------
[2016-04-22 13:16:24 INFO]:     customerService.getVerificationCode:1
[2016-04-22 13:16:24 INFO]:      --------------------------------------------
[2016-04-22 13:16:24 INFO]:     customerService.isShowAgreement:1
[2016-04-22 13:16:24 INFO]:      --------------------------------------------
[2016-04-22 13:16:25 INFO]:     customerService.login:1
[2016-04-22 13:16:25 INFO]:      --------------------------------------------
[2016-04-22 13:16:27 INFO]:     queryService.queryOrders:1
[2016-04-22 13:16:27 INFO]:      --------------------------------------------
[2016-04-22 13:16:28 INFO]:     tradeService.changeTrans:3
[2016-04-22 13:16:28 INFO]:      --------------------------------------------
[2016-04-22 13:16:28 INFO]:   [CaseResult]:Pass
[2016-04-22 13:16:29 INFO]:   case:4 ordersno委托序号为空
[2016-04-22 13:16:29 INFO]:   --------------------------------------------
[2016-04-22 13:16:29 INFO]:     customerService.getVerificationCode:1
[2016-04-22 13:16:29 INFO]:      --------------------------------------------
[2016-04-22 13:16:29 INFO]:     customerService.isShowAgreement:1
[2016-04-22 13:16:29 INFO]:      --------------------------------------------
[2016-04-22 13:16:30 INFO]:     customerService.login:1
[2016-04-22 13:16:30 INFO]:      --------------------------------------------
[2016-04-22 13:16:31 INFO]:     queryService.queryOrders:1
[2016-04-22 13:16:31 INFO]:      --------------------------------------------
[2016-04-22 13:16:32 INFO]:     tradeService.changeTrans:4
[2016-04-22 13:16:32 INFO]:      --------------------------------------------
[2016-04-22 13:16:33 INFO]:   [CaseResult]:Pass
[2016-04-22 13:16:33 INFO]:   case:5 ordersno委托序号不存在
[2016-04-22 13:16:33 INFO]:   --------------------------------------------
[2016-04-22 13:16:33 INFO]:     customerService.getVerificationCode:1
[2016-04-22 13:16:33 INFO]:      --------------------------------------------
[2016-04-22 13:16:33 INFO]:     customerService.isShowAgreement:1
[2016-04-22 13:16:33 INFO]:      --------------------------------------------
[2016-04-22 13:16:34 INFO]:     customerService.login:1
[2016-04-22 13:16:34 INFO]:      --------------------------------------------
[2016-04-22 13:16:36 INFO]:     queryService.queryOrders:1
[2016-04-22 13:16:36 INFO]:      --------------------------------------------
[2016-04-22 13:16:37 INFO]:     tradeService.changeTrans:5
[2016-04-22 13:16:37 INFO]:      --------------------------------------------
[2016-04-22 13:16:47 INFO]:   [CaseResult]:Pass
[2016-04-22 13:16:47 INFO]:   case:6 ordersno委托序号为字符
[2016-04-22 13:16:47 INFO]:   --------------------------------------------
[2016-04-22 13:16:47 INFO]:     customerService.getVerificationCode:1
[2016-04-22 13:16:47 INFO]:      --------------------------------------------
[2016-04-22 13:16:48 INFO]:     customerService.isShowAgreement:1
[2016-04-22 13:16:48 INFO]:      --------------------------------------------
[2016-04-22 13:16:48 INFO]:     customerService.login:1
[2016-04-22 13:16:48 INFO]:      --------------------------------------------
[2016-04-22 13:16:51 INFO]:     queryService.queryOrders:1
[2016-04-22 13:16:51 INFO]:      --------------------------------------------
[2016-04-22 13:16:51 INFO]:     tradeService.changeTrans:6
[2016-04-22 13:16:51 INFO]:      --------------------------------------------
[2016-04-22 13:17:02 INFO]:   [CaseResult]:Pass
[2016-04-22 13:17:02 INFO]:   case:7 price价格为空
[2016-04-22 13:17:02 INFO]:   --------------------------------------------
[2016-04-22 13:17:02 INFO]:     customerService.getVerificationCode:1
[2016-04-22 13:17:02 INFO]:      --------------------------------------------
[2016-04-22 13:17:02 INFO]:     customerService.isShowAgreement:1
[2016-04-22 13:17:02 INFO]:      --------------------------------------------
[2016-04-22 13:17:03 INFO]:     customerService.login:1
[2016-04-22 13:17:03 INFO]:      --------------------------------------------
[2016-04-22 13:17:05 INFO]:     queryService.queryOrders:1
[2016-04-22 13:17:05 INFO]:      --------------------------------------------
[2016-04-22 13:17:06 INFO]:     tradeService.changeTrans:7
[2016-04-22 13:17:06 INFO]:      --------------------------------------------
[2016-04-22 13:17:06 INFO]:   [CaseResult]:Pass
[2016-04-22 13:17:06 INFO]:   case:8 price价格为0
[2016-04-22 13:17:06 INFO]:   --------------------------------------------
[2016-04-22 13:17:06 INFO]:     customerService.getVerificationCode:1
[2016-04-22 13:17:06 INFO]:      --------------------------------------------
[2016-04-22 13:17:07 INFO]:     customerService.isShowAgreement:1
[2016-04-22 13:17:07 INFO]:      --------------------------------------------
[2016-04-22 13:17:07 INFO]:     customerService.login:1
[2016-04-22 13:17:07 INFO]:      --------------------------------------------
[2016-04-22 13:17:09 INFO]:     queryService.queryOrders:1
[2016-04-22 13:17:09 INFO]:      --------------------------------------------
[2016-04-22 13:17:10 INFO]:     tradeService.changeTrans:8
[2016-04-22 13:17:10 INFO]:      --------------------------------------------
[2016-04-22 13:17:10 INFO]:   [CaseResult]:Pass
[2016-04-22 13:17:11 INFO]:   case:9 price价格为非数字
[2016-04-22 13:17:11 INFO]:   --------------------------------------------
[2016-04-22 13:17:11 INFO]:     customerService.getVerificationCode:1
[2016-04-22 13:17:11 INFO]:      --------------------------------------------
[2016-04-22 13:17:11 INFO]:     customerService.isShowAgreement:1
[2016-04-22 13:17:11 INFO]:      --------------------------------------------
[2016-04-22 13:17:12 INFO]:     customerService.login:1
[2016-04-22 13:17:12 INFO]:      --------------------------------------------
[2016-04-22 13:17:14 INFO]:     queryService.queryOrders:1
[2016-04-22 13:17:14 INFO]:      --------------------------------------------
[2016-04-22 13:17:15 INFO]:     tradeService.changeTrans:9
[2016-04-22 13:17:15 INFO]:      --------------------------------------------
[2016-04-22 13:17:15 INFO]:   [CaseResult]:Pass
[2016-04-22 13:17:15 INFO]:   case:10 price价格为负数
[2016-04-22 13:17:15 INFO]:   --------------------------------------------
[2016-04-22 13:17:15 INFO]:     customerService.getVerificationCode:1
[2016-04-22 13:17:15 INFO]:      --------------------------------------------
[2016-04-22 13:17:16 INFO]:     customerService.isShowAgreement:1
[2016-04-22 13:17:16 INFO]:      --------------------------------------------
[2016-04-22 13:17:16 INFO]:     customerService.login:1
[2016-04-22 13:17:16 INFO]:      --------------------------------------------
[2016-04-22 13:17:18 INFO]:     queryService.queryOrders:1
[2016-04-22 13:17:18 INFO]:      --------------------------------------------
[2016-04-22 13:17:19 INFO]:     tradeService.changeTrans:10
[2016-04-22 13:17:19 INFO]:      --------------------------------------------
[2016-04-22 13:17:20 INFO]:   [CaseResult]:Pass
[2016-04-22 13:17:20 INFO]:   case:11 qty数量为空
[2016-04-22 13:17:20 INFO]:   --------------------------------------------
[2016-04-22 13:17:20 INFO]:     customerService.getVerificationCode:1
[2016-04-22 13:17:20 INFO]:      --------------------------------------------
[2016-04-22 13:17:20 INFO]:     customerService.isShowAgreement:1
[2016-04-22 13:17:20 INFO]:      --------------------------------------------
[2016-04-22 13:17:21 INFO]:     customerService.login:1
[2016-04-22 13:17:21 INFO]:      --------------------------------------------
[2016-04-22 13:17:23 INFO]:     queryService.queryOrders:1
[2016-04-22 13:17:23 INFO]:      --------------------------------------------
[2016-04-22 13:17:23 INFO]:     tradeService.changeTrans:11
[2016-04-22 13:17:23 INFO]:      --------------------------------------------
[2016-04-22 13:17:24 INFO]:   [CaseResult]:Pass
[2016-04-22 13:17:24 INFO]:   case:12 qty数量为0
[2016-04-22 13:17:24 INFO]:   --------------------------------------------
[2016-04-22 13:17:24 INFO]:     customerService.getVerificationCode:1
[2016-04-22 13:17:24 INFO]:      --------------------------------------------
[2016-04-22 13:17:24 INFO]:     customerService.isShowAgreement:1
[2016-04-22 13:17:24 INFO]:      --------------------------------------------
[2016-04-22 13:17:25 INFO]:     customerService.login:1
[2016-04-22 13:17:25 INFO]:      --------------------------------------------
[2016-04-22 13:17:27 INFO]:     queryService.queryOrders:1
[2016-04-22 13:17:27 INFO]:      --------------------------------------------
[2016-04-22 13:17:28 INFO]:     tradeService.changeTrans:12
[2016-04-22 13:17:28 INFO]:      --------------------------------------------
[2016-04-22 13:17:29 INFO]:   [CaseResult]:Pass
[2016-04-22 13:17:29 INFO]:   case:13 qty数量为非数字
[2016-04-22 13:17:29 INFO]:   --------------------------------------------
[2016-04-22 13:17:29 INFO]:     customerService.getVerificationCode:1
[2016-04-22 13:17:29 INFO]:      --------------------------------------------
[2016-04-22 13:17:29 INFO]:     customerService.isShowAgreement:1
[2016-04-22 13:17:29 INFO]:      --------------------------------------------
[2016-04-22 13:17:30 INFO]:     customerService.login:1
[2016-04-22 13:17:30 INFO]:      --------------------------------------------
[2016-04-22 13:17:32 INFO]:     queryService.queryOrders:1
[2016-04-22 13:17:32 INFO]:      --------------------------------------------
[2016-04-22 13:17:33 INFO]:     tradeService.changeTrans:13
[2016-04-22 13:17:33 INFO]:      --------------------------------------------
[2016-04-22 13:17:33 INFO]:   [CaseResult]:Pass
[2016-04-22 13:17:33 INFO]:   case:14 qty数量为负数
[2016-04-22 13:17:33 INFO]:   --------------------------------------------
[2016-04-22 13:17:33 INFO]:     customerService.getVerificationCode:1
[2016-04-22 13:17:33 INFO]:      --------------------------------------------
[2016-04-22 13:17:34 INFO]:     customerService.isShowAgreement:1
[2016-04-22 13:17:34 INFO]:      --------------------------------------------
[2016-04-22 13:17:34 INFO]:     customerService.login:1
[2016-04-22 13:17:34 INFO]:      --------------------------------------------
[2016-04-22 13:17:36 INFO]:     queryService.queryOrders:1
[2016-04-22 13:17:36 INFO]:      --------------------------------------------
[2016-04-22 13:17:37 INFO]:     tradeService.changeTrans:14
[2016-04-22 13:17:37 INFO]:      --------------------------------------------
[2016-04-22 13:17:37 ERROR]:         [Failed]:message expect is 交易数量设置错误！,real is 交易数量设置错误！数量必须为非零正整数
[2016-04-22 13:17:37 ERROR]:      [InterfaceResult]:Failed
[2016-04-22 13:17:37 INFO]:         input:{u'CommonRequest': {u'userId': u'123', u'dynamicMap': {u'fundid': 'IGB009', u'sessionId': '2ecb9122-fda7-47d1-8561-b4e7eb3eca55', u'price': u'1.48', u'ordersno': '160422000009', u'qty': '-100'}, u'securitiesCode': u'06'}}
[2016-04-22 13:17:37 INFO]:         output:{"message": "请求成功", "data": "{\"status\":\"0\",\"message\":\"交易数量设置错误！数量必须为非零正整数\",\"data\":{}}", "result": "true"}
[2016-04-22 13:17:37 ERROR]:   [CaseResult]:Failed
[2016-04-22 13:17:37 INFO]: *************************************************************************************************************************
[2016-04-22 13:17:37 INFO]: *****TestCase Total:14,Succ:12,Failed:2
[2016-04-22 13:17:37 INFO]: 000023.委托变更(tradeService.changeTrans) 共运行14个TestCase,成功12个,失败2个   

